<?xml version="1.0" encoding="UTF-8"?>
<!-- Generated by org.testng.reporters.JUnitXMLReporter -->
<testsuite hostname="HP" ignored="0" name="Test" tests="6" failures="0" timestamp="15 Jan 2019 16:19:42 GMT" time="134.656" errors="0">
  <testcase name="loginPageUrlValidation" time="0.021" classname="com.fb.qa.testcases.LoginPageTest"/>
  <testcase name="login" time="9.258" classname="com.fb.qa.testcases.LoginPageTest"/>
  <testcase name="postFeed" time="5.847" classname="com.fb.qa.testcases.HomePageTest"/>
  <testcase name="checkPost" time="3.012" classname="com.fb.qa.testcases.HomePageTest"/>
  <testcase name="searchbar" time="0.55" classname="com.fb.qa.testcases.HomePageTest"/>
  <testcase name="sendRequest" time="0.476" classname="com.fb.qa.testcases.FriendRequestTest"/>
</testsuite> <!-- Test -->
